
> dev
> tauri dev

     Running BeforeDevCommand (`npx vite ../../ui`)

  [32m[1mVITE[22m v7.3.6[39m  [2mready in [0m[1m269[22m[2m[0m ms[22m

  [32m➜[39m  [1mLocal[22m:   [36mhttp://localhost:[1m5173[22m/[39m
[2m  [32m➜[39m  [1mNetwork[22m[2m: use [22m[1m--host[22m[2m to expose[22m
     Running DevCommand (`cargo  run --no-default-features --color always --`)
        Info Watching C:\projects\acter\crates\acter-app for changes...
[1m[92m    Finished[0m `dev` profile [unoptimized + debuginfo] target(s) in 0.56s
[1m[92m     Running[0m `C:\projects\acter\target\debug\acter-app.exe`
        Info File crates\acter-app\tauri.conf.json changed. Rebuilding application...
     Running DevCommand (`cargo  run --no-default-features --color always --`)
[1m[92m   Compiling[0m acter-app v0.1.0 (C:\projects\acter\crates\acter-app)
[1m[96m    Building[0m [=======================> ] 351/354: acter-a…[1m[96m    Building[0m [=======================> ] 352/354: acter-a…[1m[96m    Building[0m [=======================> ] 353/354: acter-a…                                                            [1m[92m    Finished[0m `dev` profile [unoptimized + debuginfo] target(s) in 6.00s
[1m[92m     Running[0m `C:\projects\acter\target\debug\acter-app.exe`
        Info File crates\acter-app\tauri.conf.json changed. Rebuilding application...
     Running DevCommand (`cargo  run --no-default-features --color always --`)
[1m[92m   Compiling[0m acter-app v0.1.0 (C:\projects\acter\crates\acter-app)
[1m[96m    Building[0m [=======================> ] 351/354: acter-a…[1m[96m    Building[0m [=======================> ] 352/354: acter-a…[1m[96m    Building[0m [=======================> ] 353/354: acter-a…                                                            [1m[92m    Finished[0m `dev` profile [unoptimized + debuginfo] target(s) in 5.27s
[1m[92m     Running[0m `C:\projects\acter\target\debug\acter-app.exe`
        Info File crates\acter-app\tauri.conf.json changed. Rebuilding application...
     Running DevCommand (`cargo  run --no-default-features --color always --`)
[1m[92m   Compiling[0m acter-app v0.1.0 (C:\projects\acter\crates\acter-app)
[1m[96m    Building[0m [=======================> ] 351/354: acter-a…[1m[96m    Building[0m [=======================> ] 352/354: acter-a…[1m[96m    Building[0m [=======================> ] 353/354: acter-a…                                                            [1m[92m    Finished[0m `dev` profile [unoptimized + debuginfo] target(s) in 4.41s
[1m[92m     Running[0m `C:\projects\acter\target\debug\acter-app.exe`
       Error The "beforeDevCommand" terminated with a non-zero status code.
